#
# A fatal error has been detected by the Java Runtime Environment:
#
#  Internal Error (0xc0000029), pid=1668, tid=2608
#
# JRE version: 7.0_25-b17
# Java VM: Java HotSpot(TM) Client VM (23.25-b01 mixed mode windows-x86 )
# Problematic frame:
# C  [ntdll.dll+0x8de35]  RtlTimeToElapsedTimeFields+0x149a1
#
# Failed to write core dump. Minidumps are not enabled by default on client versions of Windows
#
# If you would like to submit a bug report, please visit:
#   http://bugreport.sun.com/bugreport/crash.jsp
# The crash happened outside the Java Virtual Machine in native code.
# See problematic frame for where to report the bug.
#

---------------  T H R E A D  ---------------

Current thread (0x1863a400):  JavaThread "Thread-1" [_thread_in_native, id=2608, stack(0x182c0000,0x18310000)]

siginfo: ExceptionCode=0xc0000029

Registers:
EAX=0x1830ed68, EBX=0x1830f8cc, ECX=0x1830edc0, EDX=0x1830ecfc
ESP=0x1830ed0c, EBP=0x1830f094, ESI=0x1830f0b4, EDI=0x00000001
EIP=0x77bede35, EFLAGS=0x00000246

Top of Stack: (sp=0x1830ed0c)
0x1830ed0c:   186d44a0 1863a528 1830efb4 01bc78a4
0x1830ed1c:   01bb29c8 00000000 1830ee10 1830edec
0x1830ed2c:   7215969d 186336f8 721596ca 14211918
0x1830ed3c:   000000bb 1830ee18 1830edec 01bc78a4
0x1830ed4c:   01bb29c8 00000000 1830ee10 1830edec
0x1830ed5c:   1830edec 01bc78a4 01bb29c8 c0000029
0x1830ed6c:   00000001 1830f0b4 77bede35 00000000
0x1830ed7c:   00000000 1830ee48 1830ee18 1830ee18 

Instructions: (pc=0x77bede35)
0x77bede15:   d4 fc ff ff 50 c7 85 d4 fc ff ff 29 00 00 c0 89
0x77bede25:   bd d8 fc ff ff 89 b5 dc fc ff ff e8 d3 86 fb ff
0x77bede35:   e9 75 b1 f9 ff 48 48 74 2e 83 a5 e4 fc ff ff 00
0x77bede45:   8d 85 d4 fc ff ff 50 c7 85 d4 fc ff ff 26 00 00 


Register to memory mapping:

EAX=0x1830ed68 is pointing into the stack for thread: 0x1863a400
EBX=0x1830f8cc is pointing into the stack for thread: 0x1863a400
ECX=0x1830edc0 is pointing into the stack for thread: 0x1863a400
EDX=0x1830ecfc is pointing into the stack for thread: 0x1863a400
ESP=0x1830ed0c is pointing into the stack for thread: 0x1863a400
EBP=0x1830f094 is pointing into the stack for thread: 0x1863a400
ESI=0x1830f0b4 is pointing into the stack for thread: 0x1863a400
EDI=0x00000001 is an unknown value


Stack: [0x182c0000,0x18310000],  sp=0x1830ed0c,  free space=315k
Native frames: (J=compiled Java code, j=interpreted, Vv=VM code, C=native code)
C  [ntdll.dll+0x8de35]  RtlTimeToElapsedTimeFields+0x149a1

Java frames: (J=compiled Java code, j=interpreted, Vv=VM code)
j  sun.font.T2KFontScaler.getGlyphImageNative(Lsun/font/Font2D;JJI)J+0
j  sun.font.T2KFontScaler.getGlyphImage(JI)J+26
j  sun.font.FileFont.getGlyphImage(JI)J+6
j  sun.font.FileFontStrike.getGlyphImagePtrs([I[JI)V+86
J  sun.font.GlyphList.mapChars(Lsun/java2d/loops/FontInfo;I)Z
J  sun.font.GlyphList.setFromString(Lsun/java2d/loops/FontInfo;Ljava/lang/String;FF)Z
J  sun.java2d.pipe.GlyphListPipe.drawString(Lsun/java2d/SunGraphics2D;Ljava/lang/String;DD)V
J  sun.java2d.SunGraphics2D.drawString(Ljava/lang/String;II)V
j  com.gamesbykevin.framework.resources.Progress.render(Ljava/awt/Graphics;Ljava/awt/Rectangle;)Ljava/awt/Graphics;+328
j  com.gamesbykevin.framework.labyrinth.LabyrinthHelper.renderProgress(Ljava/awt/Graphics;Ljava/awt/Rectangle;)Ljava/awt/Graphics;+6
j  com.gamesbykevin.framework.labyrinth.Labyrinth.renderProgress(Ljava/awt/Graphics;Ljava/awt/Rectangle;)Ljava/awt/Graphics;+54
j  com.gamesbykevin.framework.labyrinth.Labyrinth.render(Ljava/awt/Graphics;Ljava/awt/Rectangle;)Ljava/awt/Graphics;+10
j  com.gamesbykevin.maze.main.Engine.renderGame(Ljava/awt/Graphics2D;)Ljava/awt/Graphics;+54
j  com.gamesbykevin.maze.main.Engine.render(Ljava/awt/Graphics;)Ljava/awt/Graphics;+34
j  com.gamesbykevin.maze.main.Main.renderImage()V+58
J  com.gamesbykevin.maze.main.Main.run()V
v  ~StubRoutines::call_stub

---------------  P R O C E S S  ---------------

Java Threads: ( => current thread )
  0x18706000 JavaThread "org.netbeans.modules.debugger.jpda.visual AWT Access Loop" daemon [_thread_blocked, id=3320, stack(0x19820000,0x19870000)]
  0x0063a800 JavaThread "DestroyJavaVM" [_thread_blocked, id=764, stack(0x006a0000,0x006f0000)]
  0x18643800 JavaThread "AWT-EventQueue-0" [_thread_in_native, id=2976, stack(0x184f0000,0x18540000)]
=>0x1863a400 JavaThread "Thread-1" [_thread_in_native, id=2608, stack(0x182c0000,0x18310000)]
  0x00df5000 JavaThread "AWT-Shutdown" [_thread_blocked, id=2684, stack(0x18250000,0x182a0000)]
  0x00df3c00 JavaThread "Java2D Disposer" daemon [_thread_blocked, id=2980, stack(0x18150000,0x181a0000)]
  0x00d1f400 JavaThread "Service Thread" daemon [_thread_blocked, id=1164, stack(0x17c90000,0x17ce0000)]
  0x00d1cc00 JavaThread "C1 CompilerThread0" daemon [_thread_blocked, id=2032, stack(0x17f00000,0x17f50000)]
  0x00d0c400 JavaThread "JDWP Event Helper Thread" daemon [_thread_blocked, id=2792, stack(0x17f70000,0x17fc0000)]
  0x00cfdc00 JavaThread "Attach Listener" daemon [_thread_blocked, id=3220, stack(0x00f20000,0x00f70000)]
  0x00cf8800 JavaThread "Signal Dispatcher" daemon [_thread_blocked, id=3460, stack(0x17e10000,0x17e60000)]
  0x00ca2000 JavaThread "Finalizer" daemon [_thread_blocked, id=576, stack(0x17ce0000,0x17d30000)]
  0x00c9bc00 JavaThread "Reference Handler" daemon [_thread_blocked, id=3236, stack(0x17bf0000,0x17c40000)]

Other Threads:
  0x00c96000 VMThread [stack: 0x00ed0000,0x00f20000] [id=3396]

VM state:not at safepoint (normal execution)

VM Mutex/Monitor currently owned by a thread: None

Heap
 def new generation   total 4928K, used 2989K [0x03bb0000, 0x04100000, 0x09100000)
  eden space 4416K,  58% used [0x03bb0000, 0x03e311d0, 0x04000000)
  from space 512K,  83% used [0x04000000, 0x0406a540, 0x04080000)
  to   space 512K,   0% used [0x04080000, 0x04080000, 0x04100000)
 tenured generation   total 10944K, used 4090K [0x09100000, 0x09bb0000, 0x13bb0000)
   the space 10944K,  37% used [0x09100000, 0x094feb60, 0x094fec00, 0x09bb0000)
 compacting perm gen  total 12288K, used 6534K [0x13bb0000, 0x147b0000, 0x17bb0000)
   the space 12288K,  53% used [0x13bb0000, 0x14211b60, 0x14211c00, 0x147b0000)
No shared spaces configured.

Card table byte_map: [0x00550000,0x00600000] byte_map_base: 0x00532280

Polling page: 0x00260000

Code Cache  [0x01bb0000, 0x01cb0000, 0x03bb0000)
 total_blobs=479 nmethods=269 adapters=153 free_code_cache=31765Kb largest_free_block=32527744

Compilation events (10 events):
Event: 77.763 Thread 0x00d1cc00  264             org.netbeans.modules.debugger.jpda.visual.remote.RemoteAWTService::access$200 (4 bytes)
Event: 77.764 Thread 0x00d1cc00 nmethod 264 0x01ca9c48 code [0x01ca9d40, 0x01ca9db0]
Event: 85.556 Thread 0x00d1cc00  265             java.awt.geom.RectangularShape::<init> (5 bytes)
Event: 85.556 Thread 0x00d1cc00 nmethod 265 0x01ca9e08 code [0x01ca9f00, 0x01ca9f80]
Event: 85.556 Thread 0x00d1cc00  266             java.awt.geom.Rectangle2D::<init> (5 bytes)
Event: 85.556 Thread 0x00d1cc00 nmethod 266 0x01ca9fc8 code [0x01caa0c0, 0x01caa140]
Event: 85.930 Thread 0x00d1cc00  267             sun.awt.AppContext::getAppContext (51 bytes)
Event: 85.931 Thread 0x00d1cc00 nmethod 267 0x01caa188 code [0x01caa2d0, 0x01caa4c0]
Event: 85.959 Thread 0x00d1cc00  268             java.awt.EventQueue::getNextEventPrivate (76 bytes)
Event: 85.960 Thread 0x00d1cc00 nmethod 268 0x01caa6c8 code [0x01caa7e0, 0x01caa91c]

GC Heap History (4 events):
Event: 1.219 GC heap before
{Heap before GC invocations=0 (full 0):
 def new generation   total 4928K, used 4097K [0x03bb0000, 0x04100000, 0x09100000)
  eden space 4416K,  92% used [0x03bb0000, 0x03fb0600, 0x04000000)
  from space 512K,   0% used [0x04000000, 0x04000000, 0x04080000)
  to   space 512K,   0% used [0x04080000, 0x04080000, 0x04100000)
 tenured generation   total 10944K, used 0K [0x09100000, 0x09bb0000, 0x13bb0000)
   the space 10944K,   0% used [0x09100000, 0x09100000, 0x09100200, 0x09bb0000)
 compacting perm gen  total 12288K, used 5627K [0x13bb0000, 0x147b0000, 0x17bb0000)
   the space 12288K,  45% used [0x13bb0000, 0x1412ee30, 0x1412f000, 0x147b0000)
No shared spaces configured.
Event: 1.227 GC heap after
Heap after GC invocations=1 (full 0):
 def new generation   total 4928K, used 512K [0x03bb0000, 0x04100000, 0x09100000)
  eden space 4416K,   0% used [0x03bb0000, 0x03bb0000, 0x04000000)
  from space 512K, 100% used [0x04080000, 0x04100000, 0x04100000)
  to   space 512K,   0% used [0x04000000, 0x04000000, 0x04080000)
 tenured generation   total 10944K, used 1277K [0x09100000, 0x09bb0000, 0x13bb0000)
   the space 10944K,  11% used [0x09100000, 0x0923f568, 0x0923f600, 0x09bb0000)
 compacting perm gen  total 12288K, used 5627K [0x13bb0000, 0x147b0000, 0x17bb0000)
   the space 12288K,  45% used [0x13bb0000, 0x1412ee30, 0x1412f000, 0x147b0000)
No shared spaces configured.
}
Event: 12.309 GC heap before
{Heap before GC invocations=1 (full 0):
 def new generation   total 4928K, used 4928K [0x03bb0000, 0x04100000, 0x09100000)
  eden space 4416K, 100% used [0x03bb0000, 0x04000000, 0x04000000)
  from space 512K, 100% used [0x04080000, 0x04100000, 0x04100000)
  to   space 512K,   0% used [0x04000000, 0x04000000, 0x04080000)
 tenured generation   total 10944K, used 1277K [0x09100000, 0x09bb0000, 0x13bb0000)
   the space 10944K,  11% used [0x09100000, 0x0923f568, 0x0923f600, 0x09bb0000)
 compacting perm gen  total 12288K, used 6493K [0x13bb0000, 0x147b0000, 0x17bb0000)
   the space 12288K,  52% used [0x13bb0000, 0x14207500, 0x14207600, 0x147b0000)
No shared spaces configured.
Event: 12.315 GC heap after
Heap after GC invocations=2 (full 0):
 def new generation   total 4928K, used 425K [0x03bb0000, 0x04100000, 0x09100000)
  eden space 4416K,   0% used [0x03bb0000, 0x03bb0000, 0x04000000)
  from space 512K,  83% used [0x04000000, 0x0406a540, 0x04080000)
  to   space 512K,   0% used [0x04080000, 0x04080000, 0x04100000)
 tenured generation   total 10944K, used 4090K [0x09100000, 0x09bb0000, 0x13bb0000)
   the space 10944K,  37% used [0x09100000, 0x094feb60, 0x094fec00, 0x09bb0000)
 compacting perm gen  total 12288K, used 6493K [0x13bb0000, 0x147b0000, 0x17bb0000)
   the space 12288K,  52% used [0x13bb0000, 0x14207500, 0x14207600, 0x147b0000)
No shared spaces configured.
}

Deoptimization events (0 events):
No events

Internal exceptions (10 events):
Event: 16.294 Thread 0x1863a400 Threw 0x03d502d0 at C:\jdk7u2_32P\jdk7u25\hotspot\src\share\vm\prims\jvm.cpp:1235
Event: 16.296 Thread 0x1863a400 Threw 0x03d53208 at C:\jdk7u2_32P\jdk7u25\hotspot\src\share\vm\prims\jvm.cpp:1235
Event: 16.297 Thread 0x1863a400 Threw 0x03d56b90 at C:\jdk7u2_32P\jdk7u25\hotspot\src\share\vm\prims\jvm.cpp:1235
Event: 16.299 Thread 0x1863a400 Threw 0x03d5c930 at C:\jdk7u2_32P\jdk7u25\hotspot\src\share\vm\prims\jvm.cpp:1235
Event: 16.300 Thread 0x1863a400 Threw 0x03d5fdf0 at C:\jdk7u2_32P\jdk7u25\hotspot\src\share\vm\prims\jvm.cpp:1235
Event: 16.301 Thread 0x1863a400 Threw 0x03d630d8 at C:\jdk7u2_32P\jdk7u25\hotspot\src\share\vm\prims\jvm.cpp:1235
Event: 16.304 Thread 0x1863a400 Threw 0x03d66e70 at C:\jdk7u2_32P\jdk7u25\hotspot\src\share\vm\prims\jvm.cpp:1235
Event: 16.305 Thread 0x1863a400 Threw 0x03d69ea8 at C:\jdk7u2_32P\jdk7u25\hotspot\src\share\vm\prims\jvm.cpp:1235
Event: 86.722 Thread 0x1863a400 Threw 0x03d6f970 at C:\jdk7u2_32P\jdk7u25\hotspot\src\share\vm\prims\jni.cpp:716
Event: 86.728 Thread 0x1863a400 Threw 0x03e2d288 at C:\jdk7u2_32P\jdk7u25\hotspot\src\share\vm\prims\jni.cpp:716

Events (10 events):
Event: 86.722 loading class 0x00d6de68
Event: 86.723 loading class 0x00d6de68 done
Event: 86.723 loading class 0x185fca08
Event: 86.723 loading class 0x185fca08 done
Event: 86.728 loading class 0x1864dc00
Event: 86.729 loading class 0x1864dc00 done
Event: 86.729 loading class 0x186ebaf0
Event: 86.749 loading class 0x186ebaf0 done
Event: 86.756 Thread 0x00d0d800 Thread exited: 0x00d0d800
Event: 86.756 Thread 0x00d04000 Thread exited: 0x00d04000


Dynamic libraries:
0x00f80000 - 0x00faf000 	C:\Program Files\Java\jdk1.7.0_25\jre\bin\java.exe
0x77b60000 - 0x77c9c000 	C:\Windows\SYSTEM32\ntdll.dll
0x76080000 - 0x76154000 	C:\Windows\system32\kernel32.dll
0x75d30000 - 0x75d7a000 	C:\Windows\system32\KERNELBASE.dll
0x764a0000 - 0x76540000 	C:\Windows\system32\ADVAPI32.dll
0x772e0000 - 0x7738c000 	C:\Windows\system32\msvcrt.dll
0x76610000 - 0x76629000 	C:\Windows\SYSTEM32\sechost.dll
0x762f0000 - 0x76391000 	C:\Windows\system32\RPCRT4.dll
0x75fb0000 - 0x76079000 	C:\Windows\system32\USER32.dll
0x761a0000 - 0x761ee000 	C:\Windows\system32\GDI32.dll
0x77cd0000 - 0x77cda000 	C:\Windows\system32\LPK.dll
0x76400000 - 0x7649d000 	C:\Windows\system32\USP10.dll
0x74750000 - 0x748ee000 	C:\Windows\WinSxS\x86_microsoft.windows.common-controls_6595b64144ccf1df_6.0.7600.16385_none_421189da2b7fabfc\COMCTL32.dll
0x76630000 - 0x76687000 	C:\Windows\system32\SHLWAPI.dll
0x77ce0000 - 0x77cff000 	C:\Windows\system32\IMM32.DLL
0x76540000 - 0x7660c000 	C:\Windows\system32\MSCTF.dll
0x70330000 - 0x703ee000 	C:\Program Files\Java\jdk1.7.0_25\jre\bin\msvcr100.dll
0x720d0000 - 0x72412000 	C:\Program Files\Java\jdk1.7.0_25\jre\bin\client\jvm.dll
0x72640000 - 0x72647000 	C:\Windows\system32\WSOCK32.dll
0x76160000 - 0x76195000 	C:\Windows\system32\WS2_32.dll
0x76290000 - 0x76296000 	C:\Windows\system32\NSI.dll
0x743a0000 - 0x743d2000 	C:\Windows\system32\WINMM.dll
0x77d80000 - 0x77d85000 	C:\Windows\system32\PSAPI.DLL
0x725d0000 - 0x725dc000 	C:\Program Files\Java\jdk1.7.0_25\jre\bin\verify.dll
0x725b0000 - 0x725d0000 	C:\Program Files\Java\jdk1.7.0_25\jre\bin\java.dll
0x72610000 - 0x7263a000 	C:\Program Files\Java\jdk1.7.0_25\jre\bin\jdwp.dll
0x73860000 - 0x73867000 	C:\Program Files\Java\jdk1.7.0_25\jre\bin\npt.dll
0x72590000 - 0x725a3000 	C:\Program Files\Java\jdk1.7.0_25\jre\bin\zip.dll
0x73990000 - 0x73999000 	C:\Program Files\Java\jdk1.7.0_25\jre\bin\dt_shmem.dll
0x6da40000 - 0x6db84000 	C:\Program Files\Java\jdk1.7.0_25\jre\bin\awt.dll
0x77390000 - 0x7741f000 	C:\Windows\system32\OLEAUT32.dll
0x77720000 - 0x7787c000 	C:\Windows\system32\ole32.dll
0x742a0000 - 0x742b3000 	C:\Windows\system32\DWMAPI.DLL
0x74630000 - 0x74670000 	C:\Windows\system32\uxtheme.dll
0x75c00000 - 0x75c0c000 	C:\Windows\system32\CRYPTBASE.dll
0x76690000 - 0x772d9000 	C:\Windows\system32\SHELL32.dll
0x702f0000 - 0x70321000 	C:\Program Files\Java\jdk1.7.0_25\jre\bin\fontmanager.dll
0x72570000 - 0x72584000 	C:\Program Files\Java\jdk1.7.0_25\jre\bin\net.dll
0x756f0000 - 0x7572c000 	C:\Windows\system32\mswsock.dll
0x756e0000 - 0x756e6000 	C:\Windows\System32\wship6.dll
0x73d40000 - 0x73d4f000 	C:\Program Files\Java\jdk1.7.0_25\jre\bin\nio.dll
0x6d900000 - 0x6d930000 	C:\Program Files\Java\jdk1.7.0_25\jre\bin\t2k.dll
0x75730000 - 0x75746000 	C:\Windows\system32\CRYPTSP.dll
0x754d0000 - 0x7550b000 	C:\Windows\system32\rsaenh.dll
0x75310000 - 0x75327000 	C:\Windows\system32\USERENV.dll
0x75cb0000 - 0x75cbb000 	C:\Windows\system32\profapi.dll
0x74930000 - 0x74940000 	C:\Windows\system32\NLAapi.dll
0x755b0000 - 0x755f4000 	C:\Windows\system32\DNSAPI.dll
0x70a30000 - 0x70a38000 	C:\Windows\System32\winrnr.dll
0x70a20000 - 0x70a30000 	C:\Windows\system32\napinsp.dll
0x706b0000 - 0x706c2000 	C:\Windows\system32\pnrpnsp.dll
0x751c0000 - 0x751c5000 	C:\Windows\System32\wshtcpip.dll
0x75280000 - 0x7529c000 	C:\Windows\system32\IPHLPAPI.DLL
0x75270000 - 0x75277000 	C:\Windows\system32\WINNSI.DLL
0x71700000 - 0x71706000 	C:\Windows\system32\rasadhlp.dll
0x74180000 - 0x741b8000 	C:\Windows\System32\fwpuclnt.dll
0x727c0000 - 0x727e4000 	C:\Program Files\Java\jdk1.7.0_25\jre\bin\dcpr.dll
0x70780000 - 0x7086b000 	C:\Windows\system32\dbghelp.dll

VM Arguments:
jvm_args: -Xdebug -Xrunjdwp:transport=dt_shmem,address=javadebug -Dfile.encoding=UTF-8 -Djava.security.policy=applet.policy 
java_command: StartDesktop
Launcher Type: SUN_STANDARD

Environment Variables:
PATH=C:\Windows\system32;C:\Windows;C:\Windows\System32\Wbem;C:\Windows\System32\WindowsPowerShell\v1.0\
USERNAME=GOD
OS=Windows_NT
PROCESSOR_IDENTIFIER=x86 Family 6 Model 58 Stepping 9, GenuineIntel



---------------  S Y S T E M  ---------------

OS: Windows 7 Build 7600 

CPU:total 4 (4 cores per cpu, 1 threads per core) family 6 model 58 stepping 9, cmov, cx8, fxsr, mmx, sse, sse2, sse3, ssse3, tsc

Memory: 4k page, physical 3669560k(2569104k free), swap 7337356k(6278432k free)

vm_info: Java HotSpot(TM) Client VM (23.25-b01) for windows-x86 JRE (1.7.0_25-b17), built on Jun 21 2013 13:06:48 by "java_re" with unknown MS VC++:1600

time: Fri Aug 23 10:49:27 2013
elapsed time: 86 seconds

